<?xml version="1.0" encoding="UTF-8"?>
<testsuite xmlns:xsi="http://www.w3.org/2001/XMLSchema-instance" xsi:noNamespaceSchemaLocation="https://maven.apache.org/surefire/maven-surefire-plugin/xsd/surefire-test-report-3.0.xsd" version="3.0" name="org.example.MethodTests" time="0.099" tests="4" errors="0" skipped="0" failures="0">
  <properties>
[...]
</properties>
  <testcase name="testBookTitle" classname="org.example.MethodTests" time="0.055"/>
  <testcase name="testNewspaperPageCounter" classname="org.example.MethodTests" time="0.001"/>
  <testcase name="testBookHasSameTitle_success_same" classname="org.example.MethodTests" time="0.002"/>
  <testcase name="testBookHasSameTitle_success_notSame" classname="org.example.MethodTests" time="0.002"/>
</testsuite>